20:55:16.989 [main] INFO  c.h.sb.SpringBootStartApplication - Starting SpringBootStartApplication on daiyong-PC with PID 10612 (D:\work\workspace_git\spring-boot-copy-demo\target\classes started by daiyong in D:\work\workspace_git\spring-boot-copy-demo) 
20:55:16.998 [main] DEBUG c.h.sb.SpringBootStartApplication - Running with Spring Boot v1.4.0.RELEASE, Spring v4.3.2.RELEASE 
20:55:16.999 [main] INFO  c.h.sb.SpringBootStartApplication - The following profiles are active: dev 
20:55:20.046 [main] DEBUG c.h.sb.config.HbdiyDataSourceConfig - hbdiy primary datasource init... 
20:55:20.662 [main] DEBUG c.h.sb.config.HbdiyDataSourceConfig - hbdiy read datasource init... 
20:55:24.201 [main] DEBUG c.h.sb.config.HbdiyFreeMarkerConfig - HbdiyFreeMarkerConfig init... 
20:55:25.459 [main] DEBUG c.hbdiy.sb.config.HbdiyWebMvcConfig - HbdiyWebMvcConfig init... 
20:55:36.559 [main] INFO  c.h.sb.SpringBootStartApplication - Starting SpringBootStartApplication on daiyong-PC with PID 11088 (D:\work\workspace_git\spring-boot-copy-demo\target\classes started by daiyong in D:\work\workspace_git\spring-boot-copy-demo) 
20:55:36.568 [main] DEBUG c.h.sb.SpringBootStartApplication - Running with Spring Boot v1.4.0.RELEASE, Spring v4.3.2.RELEASE 
20:55:36.568 [main] INFO  c.h.sb.SpringBootStartApplication - The following profiles are active: dev 
20:55:40.576 [main] DEBUG c.h.sb.config.HbdiyDataSourceConfig - hbdiy primary datasource init... 
20:55:41.682 [main] DEBUG c.h.sb.config.HbdiyDataSourceConfig - hbdiy read datasource init... 
20:55:46.264 [main] DEBUG c.h.sb.config.HbdiyFreeMarkerConfig - HbdiyFreeMarkerConfig init... 
20:55:48.282 [main] DEBUG c.hbdiy.sb.config.HbdiyWebMvcConfig - HbdiyWebMvcConfig init... 
20:55:50.262 [main] INFO  c.h.sb.SpringBootStartApplication - Started SpringBootStartApplication in 14.893 seconds (JVM running for 15.46) 
20:56:16.171 [http-nio-8080-exec-1] DEBUG c.h.s.d.UserMapper.selectByExample - ==>  Preparing: select user_id, username, password from user  
20:56:16.209 [http-nio-8080-exec-1] DEBUG c.h.s.d.UserMapper.selectByExample - ==> Parameters:  
20:56:48.581 [main] INFO  c.h.sb.SpringBootStartApplication - Starting SpringBootStartApplication on daiyong-PC with PID 9124 (D:\work\workspace_git\spring-boot-copy-demo\target\classes started by daiyong in D:\work\workspace_git\spring-boot-copy-demo) 
20:56:48.590 [main] DEBUG c.h.sb.SpringBootStartApplication - Running with Spring Boot v1.4.0.RELEASE, Spring v4.3.2.RELEASE 
20:56:48.591 [main] INFO  c.h.sb.SpringBootStartApplication - The following profiles are active: dev 
20:56:51.486 [main] DEBUG c.h.sb.config.HbdiyDataSourceConfig - hbdiy primary datasource init... 
20:56:52.074 [main] DEBUG c.h.sb.config.HbdiyDataSourceConfig - hbdiy read datasource init... 
20:56:54.817 [main] DEBUG c.h.sb.config.HbdiyFreeMarkerConfig - HbdiyFreeMarkerConfig init... 
20:56:55.988 [main] DEBUG c.hbdiy.sb.config.HbdiyWebMvcConfig - HbdiyWebMvcConfig init... 
20:56:56.883 [main] INFO  c.h.sb.SpringBootStartApplication - Started SpringBootStartApplication in 9.564 seconds (JVM running for 10.256) 
20:57:05.253 [http-nio-8080-exec-1] DEBUG c.h.s.d.U.selectByExample_PageHelper_Count - ==>  Preparing: SELECT count(*) FROM user  
20:57:05.291 [http-nio-8080-exec-1] DEBUG c.h.s.d.U.selectByExample_PageHelper_Count - ==> Parameters:  
20:57:05.315 [http-nio-8080-exec-1] DEBUG c.h.s.d.U.selectByExample_PageHelper_Count - <==      Total: 1 
20:57:05.317 [http-nio-8080-exec-1] DEBUG c.h.s.d.U.selectByExample_PageHelper - ==>  Preparing: select user_id, username, password from user limit ?,?  
20:57:05.318 [http-nio-8080-exec-1] DEBUG c.h.s.d.U.selectByExample_PageHelper - ==> Parameters: 3(Integer), 3(Integer) 
20:57:05.321 [http-nio-8080-exec-1] DEBUG c.h.s.d.U.selectByExample_PageHelper - <==      Total: 3 
21:59:24.559 [main] INFO  c.h.sb.SpringBootStartApplication - Starting SpringBootStartApplication on daiyong-PC with PID 11436 (D:\work\workspace_git\spring-boot-copy-demo\target\classes started by daiyong in D:\work\workspace_git\spring-boot-copy-demo) 
21:59:24.585 [main] DEBUG c.h.sb.SpringBootStartApplication - Running with Spring Boot v1.4.0.RELEASE, Spring v4.3.2.RELEASE 
21:59:24.586 [main] INFO  c.h.sb.SpringBootStartApplication - The following profiles are active: dev 
21:59:32.954 [main] DEBUG c.h.sb.config.HbdiyDataSourceConfig - hbdiy primary datasource init... 
21:59:34.345 [main] DEBUG c.h.sb.config.HbdiyDataSourceConfig - hbdiy read datasource init... 
21:59:41.512 [main] DEBUG c.h.sb.config.HbdiyFreeMarkerConfig - HbdiyFreeMarkerConfig init... 
21:59:45.327 [main] DEBUG c.hbdiy.sb.config.HbdiyWebMvcConfig - HbdiyWebMvcConfig init... 
21:59:48.650 [main] INFO  c.h.sb.SpringBootStartApplication - Started SpringBootStartApplication in 26.079 seconds (JVM running for 27.722) 
22:00:19.897 [http-nio-8081-exec-1] DEBUG c.h.s.d.U.selectByExample_PageHelper_Count - ==>  Preparing: SELECT count(*) FROM user  
22:00:19.932 [http-nio-8081-exec-1] DEBUG c.h.s.d.U.selectByExample_PageHelper_Count - ==> Parameters:  
22:00:19.958 [http-nio-8081-exec-1] DEBUG c.h.s.d.U.selectByExample_PageHelper_Count - <==      Total: 1 
22:00:19.961 [http-nio-8081-exec-1] DEBUG c.h.s.d.U.selectByExample_PageHelper - ==>  Preparing: select user_id, username, password from user limit ?,?  
22:00:19.962 [http-nio-8081-exec-1] DEBUG c.h.s.d.U.selectByExample_PageHelper - ==> Parameters: 3(Integer), 3(Integer) 
22:00:19.965 [http-nio-8081-exec-1] DEBUG c.h.s.d.U.selectByExample_PageHelper - <==      Total: 3 
22:00:28.302 [http-nio-8081-exec-4] DEBUG c.h.s.d.U.selectByPrimaryKey - ==>  Preparing: select user_id, username, password from user where user_id = ?  
22:00:28.303 [http-nio-8081-exec-4] DEBUG c.h.s.d.U.selectByPrimaryKey - ==> Parameters: 0(String) 
22:00:28.307 [http-nio-8081-exec-4] DEBUG c.h.s.d.U.selectByPrimaryKey - <==      Total: 1 
